<?xml version="1.0" encoding="UTF-8"?>
<!-- Generated by org.testng.reporters.JUnitXMLReporter -->
<testsuite ignored="0" hostname="A4460L" failures="0" tests="7" name="Test Basics 1" time="84.693" errors="0" timestamp="2024-01-30T16:50:49 IST">
  <testcase classname="com.advantageshopping.qa.testcases.LoginPageTest" name="login" time="6.204"/>
  <testcase classname="com.advantageshopping.qa.testcases.LoginPageTest" name="createAccount" time="6.148"/>
  <testcase classname="com.advantageshopping.qa.testcases.HomePageTest" name="clickSpeakers" time="10.228"/>
  <testcase classname="com.advantageshopping.qa.testcases.HomePageTest" name="clickTablets" time="10.148"/>
  <testcase classname="com.advantageshopping.qa.testcases.RegistrationPageTest" name="register" time="6.691"/>
  <testcase classname="com.advantageshopping.qa.testcases.RegistrationPageTest" name="register" time="6.873"/>
  <testcase classname="com.advantageshopping.qa.testcases.RegistrationPageTest" name="register" time="6.678"/>
</testsuite> <!-- Test Basics 1 -->
